<?xml version="1.0" encoding="UTF-8"?>

           <testsuite 
            name="Contract Tests for TMF622e-ProductOrdering-v5.0.0.asyncapi.json" 
            spec="TMF622e-ProductOrdering-v5.0.0.asyncapi.json" 
            tests="4" 
            failures="0" 
            skipped="0" 
            errors="0" 
            time="2.491"
            reportTitle="CTK Test v5.0.0.Report"
            brandLogoImagePath="assets/report/img/tmf-logo.svg"
            brandLogoAltText="TM Forum Logo"
           >
        <testcase name="createProductOrder" time="1.696">
<properties>
[...]
</properties>
</testcase>
<testcase name="listProductOrder" time="0.333">
<properties>
[...]
</properties>
</testcase>
<testcase name="retrieveProductOrder" time="0.336">
<properties>
[...]
</properties>
</testcase>
<testcase name="deleteProductOrder" time="0.126">
<properties>
<property name="productOrdering.v5.deleteProductOrder.commandRequest" value=""><![CDATA[{
  "payload" : { },
  "headers" : {
    "Reply-Channel" : "productOrdering.v5.deleteProductOrder.commandReply",
    "X-Correlation-Id" : "9968411",
    "Parameters" : "{\n    \"id\": \"62e52965-b30d-4bd5-99bc-5c2bb271738a\"\n}"
  }
}]]></property>
<property name="productOrdering.v5.deleteProductOrder.commandReply" value=""><![CDATA[{
  "payload" : { },
  "headers" : {
    "X-Correlation-Id" : "9968411",
    "Status-Code" : "204",
    "X-Request-Channel" : "productOrdering.v5.deleteProductOrder.commandRequest"
  }
}]]></property>
</properties>
</testcase>
</testsuite>
